!SESSION 2018-02-15 23:35:22.938 -----------------------------------------------
eclipse.buildId=4.6.2.M20161124-1400
java.version=1.8.0_121
java.vendor=Oracle Corporation
BootLoader constants: OS=macosx, ARCH=x86_64, WS=cocoa, NL=en_US
Framework arguments:  -product org.eclipse.epp.package.java.product -keyring /Users/devilmapang/.eclipse_keyring
Command-line arguments:  -os macosx -ws cocoa -arch x86_64 -product org.eclipse.epp.package.java.product -keyring /Users/devilmapang/.eclipse_keyring

!ENTRY org.eclipse.osgi 4 0 2018-02-15 23:35:36.455
!MESSAGE Application error
!STACK 1
org.eclipse.swt.SWTException: Device is disposed
	at org.eclipse.swt.SWT.error(SWT.java:4533)
	at org.eclipse.swt.SWT.error(SWT.java:4448)
	at org.eclipse.swt.SWT.error(SWT.java:4419)
	at org.eclipse.swt.widgets.Display.error(Display.java:1089)
	at org.eclipse.swt.widgets.Display.checkDevice(Display.java:633)
	at org.eclipse.swt.widgets.Display.getData(Display.java:1450)
	at org.eclipse.ui.internal.WorkbenchPlugin.unsetSplashShell(WorkbenchPlugin.java:1277)
	at org.eclipse.ui.internal.ide.application.IDEApplication.start(IDEApplication.java:130)
	at org.eclipse.equinox.internal.app.EclipseAppHandle.run(EclipseAppHandle.java:196)
	at org.eclipse.core.runtime.internal.adaptor.EclipseAppLauncher.runApplication(EclipseAppLauncher.java:134)
	at org.eclipse.core.runtime.internal.adaptor.EclipseAppLauncher.start(EclipseAppLauncher.java:104)
	at org.eclipse.core.runtime.adaptor.EclipseStarter.run(EclipseStarter.java:388)
	at org.eclipse.core.runtime.adaptor.EclipseStarter.run(EclipseStarter.java:243)
	at sun.reflect.NativeMethodAccessorImpl.invoke0(Native Method)
	at sun.reflect.NativeMethodAccessorImpl.invoke(NativeMethodAccessorImpl.java:62)
	at sun.reflect.DelegatingMethodAccessorImpl.invoke(DelegatingMethodAccessorImpl.java:43)
	at java.lang.reflect.Method.invoke(Method.java:498)
	at org.eclipse.equinox.launcher.Main.invokeFramework(Main.java:673)
	at org.eclipse.equinox.launcher.Main.basicRun(Main.java:610)
	at org.eclipse.equinox.launcher.Main.run(Main.java:1519)
